<?xml version="1.0" encoding="UTF-8"?>
<!-- Generated by org.testng.reporters.JUnitReportReporter -->
<testsuite hostname="USE2DEVP00174" failures="0" tests="1" name="test.java.testCases.TC_LoginTest" time="3.366" errors="0" timestamp="2022-12-05T13:54:55 IST" skipped="0">
  <testcase classname="test.java.testCases.TC_LoginTest" name="loginTest" time="3.366"/>
  <system-out/>
</testsuite> <!-- testCases.test.java.TC_LoginTest -->
